<?xml version="1.0" encoding="UTF-8"?>
<!-- Generated by org.testng.reporters.JUnitReportReporter -->
<testsuite hostname="nipun-HP-Pavilion-Laptop-15-cc1xx" name="RegisterTest" tests="3" failures="0" timestamp="1 Oct 2020 05:06:37 GMT" time="12.622" errors="0">
  <testcase name="check_registration" time="2.703" classname="RegisterTest"/>
  <testcase name="check_registration" time="6.418" classname="RegisterTest"/>
  <testcase name="check_registration" time="3.501" classname="RegisterTest"/>
</testsuite> <!-- RegisterTest -->
